<?xml version="1.0" encoding="UTF-8"?>
<testsuite xmlns:xsi="http://www.w3.org/2001/XMLSchema-instance" xsi:noNamespaceSchemaLocation="https://maven.apache.org/surefire/maven-surefire-plugin/xsd/surefire-test-report-3.0.xsd" version="3.0" name="SmokeTest" time="2.627" tests="6" errors="0" skipped="0" failures="0">
  <properties>
    <property name="java.specification.version" value="17"/>
    <property name="sun.cpu.isalist" value="amd64"/>
    <property name="sun.jnu.encoding" value="Cp1252"/>
    <property name="java.class.path" value="C:\Users\ADMIN\Desktop\automation-project\target\test-classes;C:\Users\ADMIN\Desktop\automation-project\target\classes;C:\Users\ADMIN\.m2\repository\com\google\code\gson\gson\2.10\gson-2.10.jar;C:\Users\ADMIN\.m2\repository\org\json\json\20220924\json-20220924.jar;C:\Users\ADMIN\.m2\repository\org\slf4j\slf4j-reload4j\2.0.5\slf4j-reload4j-2.0.5.jar;C:\Users\ADMIN\.m2\repository\org\slf4j\slf4j-api\2.0.5\slf4j-api-2.0.5.jar;C:\Users\ADMIN\.m2\repository\ch\qos\reload4j\reload4j\1.2.22\reload4j-1.2.22.jar;C:\Users\ADMIN\.m2\repository\com\github\stefanbirkner\system-rules\1.19.0\system-rules-1.19.0.jar;C:\Users\ADMIN\.m2\repository\junit\junit\4.11-beta-1\junit-4.11-beta-1.jar;C:\Users\ADMIN\.m2\repository\org\hamcrest\hamcrest-core\1.3\hamcrest-core-1.3.jar;C:\Users\ADMIN\.m2\repository\com\sun\jersey\jersey-client\1.9.1\jersey-client-1.9.1.jar;C:\Users\ADMIN\.m2\repository\com\sun\jersey\jersey-core\1.9.1\jersey-core-1.9.1.jar;C:\Users\ADMIN\.m2\repository\org\assertj\assertj-core\3.11.1\assertj-core-3.11.1.jar;C:\Users\ADMIN\.m2\repository\com\sun\jersey\jersey-json\1.19.4\jersey-json-1.19.4.jar;C:\Users\ADMIN\.m2\repository\org\codehaus\jettison\jettison\1.1\jettison-1.1.jar;C:\Users\ADMIN\.m2\repository\com\sun\xml\bind\jaxb-impl\2.2.3-1\jaxb-impl-2.2.3-1.jar;C:\Users\ADMIN\.m2\repository\javax\xml\bind\jaxb-api\2.2.2\jaxb-api-2.2.2.jar;C:\Users\ADMIN\.m2\repository\javax\xml\stream\stax-api\1.0-2\stax-api-1.0-2.jar;C:\Users\ADMIN\.m2\repository\javax\activation\activation\1.1\activation-1.1.jar;C:\Users\ADMIN\.m2\repository\org\codehaus\jackson\jackson-mapper-asl\1.9.2\jackson-mapper-asl-1.9.2.jar;C:\Users\ADMIN\.m2\repository\org\codehaus\jackson\jackson-jaxrs\1.9.2\jackson-jaxrs-1.9.2.jar;C:\Users\ADMIN\.m2\repository\org\codehaus\jackson\jackson-xc\1.9.2\jackson-xc-1.9.2.jar;C:\Users\ADMIN\.m2\repository\org\mockito\mockito-junit-jupiter\4.9.0\mockito-junit-jupiter-4.9.0.jar;C:\Users\ADMIN\.m2\repository\org\mockito\mockito-core\4.9.0\mockito-core-4.9.0.jar;C:\Users\ADMIN\.m2\repository\net\bytebuddy\byte-buddy\1.12.16\byte-buddy-1.12.16.jar;C:\Users\ADMIN\.m2\repository\net\bytebuddy\byte-buddy-agent\1.12.16\byte-buddy-agent-1.12.16.jar;C:\Users\ADMIN\.m2\repository\org\objenesis\objenesis\3.3\objenesis-3.3.jar;C:\Users\ADMIN\.m2\repository\org\junit\jupiter\junit-jupiter-api\5.9.1\junit-jupiter-api-5.9.1.jar;C:\Users\ADMIN\.m2\repository\org\opentest4j\opentest4j\1.2.0\opentest4j-1.2.0.jar;C:\Users\ADMIN\.m2\repository\org\junit\platform\junit-platform-commons\1.9.1\junit-platform-commons-1.9.1.jar;C:\Users\ADMIN\.m2\repository\org\apiguardian\apiguardian-api\1.1.2\apiguardian-api-1.1.2.jar;C:\Users\ADMIN\.m2\repository\io\rest-assured\rest-assured\5.3.0\rest-assured-5.3.0.jar;C:\Users\ADMIN\.m2\repository\org\apache\groovy\groovy\4.0.6\groovy-4.0.6.jar;C:\Users\ADMIN\.m2\repository\org\apache\groovy\groovy-xml\4.0.6\groovy-xml-4.0.6.jar;C:\Users\ADMIN\.m2\repository\org\apache\httpcomponents\httpclient\4.5.13\httpclient-4.5.13.jar;C:\Users\ADMIN\.m2\repository\org\apache\httpcomponents\httpcore\4.4.13\httpcore-4.4.13.jar;C:\Users\ADMIN\.m2\repository\commons-logging\commons-logging\1.2\commons-logging-1.2.jar;C:\Users\ADMIN\.m2\repository\commons-codec\commons-codec\1.11\commons-codec-1.11.jar;C:\Users\ADMIN\.m2\repository\org\apache\httpcomponents\httpmime\4.5.13\httpmime-4.5.13.jar;C:\Users\ADMIN\.m2\repository\org\hamcrest\hamcrest\2.1\hamcrest-2.1.jar;C:\Users\ADMIN\.m2\repository\org\ccil\cowan\tagsoup\tagsoup\1.2.1\tagsoup-1.2.1.jar;C:\Users\ADMIN\.m2\repository\io\rest-assured\json-path\5.3.0\json-path-5.3.0.jar;C:\Users\ADMIN\.m2\repository\org\apache\groovy\groovy-json\4.0.6\groovy-json-4.0.6.jar;C:\Users\ADMIN\.m2\repository\io\rest-assured\rest-assured-common\5.3.0\rest-assured-common-5.3.0.jar;C:\Users\ADMIN\.m2\repository\io\rest-assured\xml-path\5.3.0\xml-path-5.3.0.jar;C:\Users\ADMIN\.m2\repository\org\apache\commons\commons-lang3\3.11\commons-lang3-3.11.jar;C:\Users\ADMIN\.m2\repository\org\codehaus\jackson\jackson-core-asl\1.5.3\jackson-core-asl-1.5.3.jar;C:\Users\ADMIN\.m2\repository\org\projectlombok\lombok\1.18.24\lombok-1.18.24.jar;C:\Users\ADMIN\.m2\repository\org\junit\jupiter\junit-jupiter\5.9.1\junit-jupiter-5.9.1.jar;C:\Users\ADMIN\.m2\repository\org\junit\jupiter\junit-jupiter-params\5.9.1\junit-jupiter-params-5.9.1.jar;C:\Users\ADMIN\.m2\repository\org\junit\jupiter\junit-jupiter-engine\5.9.1\junit-jupiter-engine-5.9.1.jar;C:\Users\ADMIN\.m2\repository\org\junit\platform\junit-platform-engine\1.9.1\junit-platform-engine-1.9.1.jar;"/>
    <property name="java.vm.vendor" value="Red Hat, Inc."/>
    <property name="sun.arch.data.model" value="64"/>
    <property name="user.variant" value=""/>
    <property name="java.vendor.url" value="https://access.redhat.com/"/>
    <property name="user.timezone" value="Europe/Tallinn"/>
    <property name="user.country.format" value="150"/>
    <property name="os.name" value="Windows 11"/>
    <property name="java.vm.specification.version" value="17"/>
    <property name="sun.java.launcher" value="SUN_STANDARD"/>
    <property name="user.country" value="US"/>
    <property name="sun.boot.library.path" value="C:\Program Files\RedHat\java-17-openjdk-17.0.5.0.8-2\bin"/>
    <property name="sun.java.command" value="C:\Users\ADMIN\AppData\Local\Temp\surefire2119862763484769719\surefirebooter-20221203213433774_3.jar C:\Users\ADMIN\AppData\Local\Temp\surefire2119862763484769719 2022-12-03T21-34-33_590-jvmRun1 surefire-20221203213433774_1tmp surefire_0-20221203213433774_2tmp"/>
    <property name="jdk.debug" value="release"/>
    <property name="surefire.test.class.path" value="C:\Users\ADMIN\Desktop\automation-project\target\test-classes;C:\Users\ADMIN\Desktop\automation-project\target\classes;C:\Users\ADMIN\.m2\repository\com\google\code\gson\gson\2.10\gson-2.10.jar;C:\Users\ADMIN\.m2\repository\org\json\json\20220924\json-20220924.jar;C:\Users\ADMIN\.m2\repository\org\slf4j\slf4j-reload4j\2.0.5\slf4j-reload4j-2.0.5.jar;C:\Users\ADMIN\.m2\repository\org\slf4j\slf4j-api\2.0.5\slf4j-api-2.0.5.jar;C:\Users\ADMIN\.m2\repository\ch\qos\reload4j\reload4j\1.2.22\reload4j-1.2.22.jar;C:\Users\ADMIN\.m2\repository\com\github\stefanbirkner\system-rules\1.19.0\system-rules-1.19.0.jar;C:\Users\ADMIN\.m2\repository\junit\junit\4.11-beta-1\junit-4.11-beta-1.jar;C:\Users\ADMIN\.m2\repository\org\hamcrest\hamcrest-core\1.3\hamcrest-core-1.3.jar;C:\Users\ADMIN\.m2\repository\com\sun\jersey\jersey-client\1.9.1\jersey-client-1.9.1.jar;C:\Users\ADMIN\.m2\repository\com\sun\jersey\jersey-core\1.9.1\jersey-core-1.9.1.jar;C:\Users\ADMIN\.m2\repository\org\assertj\assertj-core\3.11.1\assertj-core-3.11.1.jar;C:\Users\ADMIN\.m2\repository\com\sun\jersey\jersey-json\1.19.4\jersey-json-1.19.4.jar;C:\Users\ADMIN\.m2\repository\org\codehaus\jettison\jettison\1.1\jettison-1.1.jar;C:\Users\ADMIN\.m2\repository\com\sun\xml\bind\jaxb-impl\2.2.3-1\jaxb-impl-2.2.3-1.jar;C:\Users\ADMIN\.m2\repository\javax\xml\bind\jaxb-api\2.2.2\jaxb-api-2.2.2.jar;C:\Users\ADMIN\.m2\repository\javax\xml\stream\stax-api\1.0-2\stax-api-1.0-2.jar;C:\Users\ADMIN\.m2\repository\javax\activation\activation\1.1\activation-1.1.jar;C:\Users\ADMIN\.m2\repository\org\codehaus\jackson\jackson-mapper-asl\1.9.2\jackson-mapper-asl-1.9.2.jar;C:\Users\ADMIN\.m2\repository\org\codehaus\jackson\jackson-jaxrs\1.9.2\jackson-jaxrs-1.9.2.jar;C:\Users\ADMIN\.m2\repository\org\codehaus\jackson\jackson-xc\1.9.2\jackson-xc-1.9.2.jar;C:\Users\ADMIN\.m2\repository\org\mockito\mockito-junit-jupiter\4.9.0\mockito-junit-jupiter-4.9.0.jar;C:\Users\ADMIN\.m2\repository\org\mockito\mockito-core\4.9.0\mockito-core-4.9.0.jar;C:\Users\ADMIN\.m2\repository\net\bytebuddy\byte-buddy\1.12.16\byte-buddy-1.12.16.jar;C:\Users\ADMIN\.m2\repository\net\bytebuddy\byte-buddy-agent\1.12.16\byte-buddy-agent-1.12.16.jar;C:\Users\ADMIN\.m2\repository\org\objenesis\objenesis\3.3\objenesis-3.3.jar;C:\Users\ADMIN\.m2\repository\org\junit\jupiter\junit-jupiter-api\5.9.1\junit-jupiter-api-5.9.1.jar;C:\Users\ADMIN\.m2\repository\org\opentest4j\opentest4j\1.2.0\opentest4j-1.2.0.jar;C:\Users\ADMIN\.m2\repository\org\junit\platform\junit-platform-commons\1.9.1\junit-platform-commons-1.9.1.jar;C:\Users\ADMIN\.m2\repository\org\apiguardian\apiguardian-api\1.1.2\apiguardian-api-1.1.2.jar;C:\Users\ADMIN\.m2\repository\io\rest-assured\rest-assured\5.3.0\rest-assured-5.3.0.jar;C:\Users\ADMIN\.m2\repository\org\apache\groovy\groovy\4.0.6\groovy-4.0.6.jar;C:\Users\ADMIN\.m2\repository\org\apache\groovy\groovy-xml\4.0.6\groovy-xml-4.0.6.jar;C:\Users\ADMIN\.m2\repository\org\apache\httpcomponents\httpclient\4.5.13\httpclient-4.5.13.jar;C:\Users\ADMIN\.m2\repository\org\apache\httpcomponents\httpcore\4.4.13\httpcore-4.4.13.jar;C:\Users\ADMIN\.m2\repository\commons-logging\commons-logging\1.2\commons-logging-1.2.jar;C:\Users\ADMIN\.m2\repository\commons-codec\commons-codec\1.11\commons-codec-1.11.jar;C:\Users\ADMIN\.m2\repository\org\apache\httpcomponents\httpmime\4.5.13\httpmime-4.5.13.jar;C:\Users\ADMIN\.m2\repository\org\hamcrest\hamcrest\2.1\hamcrest-2.1.jar;C:\Users\ADMIN\.m2\repository\org\ccil\cowan\tagsoup\tagsoup\1.2.1\tagsoup-1.2.1.jar;C:\Users\ADMIN\.m2\repository\io\rest-assured\json-path\5.3.0\json-path-5.3.0.jar;C:\Users\ADMIN\.m2\repository\org\apache\groovy\groovy-json\4.0.6\groovy-json-4.0.6.jar;C:\Users\ADMIN\.m2\repository\io\rest-assured\rest-assured-common\5.3.0\rest-assured-common-5.3.0.jar;C:\Users\ADMIN\.m2\repository\io\rest-assured\xml-path\5.3.0\xml-path-5.3.0.jar;C:\Users\ADMIN\.m2\repository\org\apache\commons\commons-lang3\3.11\commons-lang3-3.11.jar;C:\Users\ADMIN\.m2\repository\org\codehaus\jackson\jackson-core-asl\1.5.3\jackson-core-asl-1.5.3.jar;C:\Users\ADMIN\.m2\repository\org\projectlombok\lombok\1.18.24\lombok-1.18.24.jar;C:\Users\ADMIN\.m2\repository\org\junit\jupiter\junit-jupiter\5.9.1\junit-jupiter-5.9.1.jar;C:\Users\ADMIN\.m2\repository\org\junit\jupiter\junit-jupiter-params\5.9.1\junit-jupiter-params-5.9.1.jar;C:\Users\ADMIN\.m2\repository\org\junit\jupiter\junit-jupiter-engine\5.9.1\junit-jupiter-engine-5.9.1.jar;C:\Users\ADMIN\.m2\repository\org\junit\platform\junit-platform-engine\1.9.1\junit-platform-engine-1.9.1.jar;"/>
    <property name="sun.cpu.endian" value="little"/>
    <property name="user.home" value="C:\Users\ADMIN"/>
    <property name="user.language" value="en"/>
    <property name="java.specification.vendor" value="Oracle Corporation"/>
    <property name="java.version.date" value="2022-10-18"/>
    <property name="java.home" value="C:\Program Files\RedHat\java-17-openjdk-17.0.5.0.8-2"/>
    <property name="file.separator" value="\"/>
    <property name="basedir" value="C:\Users\ADMIN\Desktop\automation-project"/>
    <property name="java.vm.compressedOopsMode" value="Zero based"/>
    <property name="line.separator" value="&#10;"/>
    <property name="java.vm.specification.vendor" value="Oracle Corporation"/>
    <property name="java.specification.name" value="Java Platform API Specification"/>
    <property name="surefire.real.class.path" value="C:\Users\ADMIN\AppData\Local\Temp\surefire2119862763484769719\surefirebooter-20221203213433774_3.jar"/>
    <property name="user.script" value=""/>
    <property name="sun.management.compiler" value="HotSpot 64-Bit Tiered Compilers"/>
    <property name="java.runtime.version" value="17.0.5+8-LTS"/>
    <property name="user.name" value="ADMIN"/>
    <property name="path.separator" value=";"/>
    <property name="os.version" value="10.0"/>
    <property name="java.runtime.name" value="OpenJDK Runtime Environment"/>
    <property name="file.encoding" value="Cp1252"/>
    <property name="java.vm.name" value="OpenJDK 64-Bit Server VM"/>
    <property name="java.vendor.version" value="(Red_Hat-17.0.5.0+8-2)"/>
    <property name="localRepository" value="C:\Users\ADMIN\.m2\repository"/>
    <property name="java.vendor.url.bug" value="https://bugzilla.redhat.com/enter_bug.cgi"/>
    <property name="java.io.tmpdir" value="C:\Users\ADMIN\AppData\Local\Temp\"/>
    <property name="java.version" value="17.0.5"/>
    <property name="user.dir" value="C:\Users\ADMIN\Desktop\automation-project"/>
    <property name="os.arch" value="amd64"/>
    <property name="java.vm.specification.name" value="Java Virtual Machine Specification"/>
    <property name="sun.os.patch.level" value=""/>
    <property name="native.encoding" value="Cp1252"/>
    <property name="java.library.path" value="C:\Program Files\RedHat\java-17-openjdk-17.0.5.0.8-2\bin;C:\WINDOWS\Sun\Java\bin;C:\WINDOWS\system32;C:\WINDOWS;C:\Program Files (x86)\Common Files\Oracle\Java\javapath;C:\Windows\system32;C:\Windows;C:\Windows\System32\Wbem;C:\Windows\System32\WindowsPowerShell\v1.0\;C:\Windows\System32\OpenSSH\;C:\Program Files (x86)\NVIDIA Corporation\PhysX\Common;C:\Program Files\NVIDIA Corporation\NVIDIA NvDLISR;C:\Program Files\Git\cmd;C:\Program Files\php-8.1.11;C:\Program Files\RedHat\java-17-openjdk-17.0.5.0.8-2\bin;C:\WINDOWS\system32;C:\WINDOWS;C:\WINDOWS\System32\Wbem;C:\WINDOWS\System32\WindowsPowerShell\v1.0\;C:\WINDOWS\System32\OpenSSH\;C:\opt\apache-maven-3.8.6\bin;C:\opt\gradle-7.6\bin;C:\Users\ADMIN\AppData\Local\Microsoft\WindowsApps;;C:\Users\ADMIN\AppData\Local\Programs\Microsoft VS Code\bin;C:\Program Files\JetBrains\PhpStorm 2022.2.3\bin;C:\Program Files\JetBrains\IntelliJ IDEA 2022.2.3\bin;C:\Users\ADMIN\AppData\Local\spicetify;%USERPROFILE%\AppData\Local\Microsoft\WindowsApps;."/>
    <property name="java.vm.info" value="mixed mode, sharing"/>
    <property name="java.vendor" value="Red Hat, Inc."/>
    <property name="java.vm.version" value="17.0.5+8-LTS"/>
    <property name="sun.io.unicode.encoding" value="UnicodeLittle"/>
    <property name="java.class.version" value="61.0"/>
  </properties>
  <testcase name="getWeatherForecastApi" classname="SmokeTest" time="1.047">
    <system-out><![CDATA[0    [main] DEBUG org.apache.http.impl.conn.BasicClientConnectionManager  - Get connection for route {s}->https://api.openweathermap.org:443
11   [main] DEBUG org.apache.http.impl.conn.DefaultClientConnectionOperator  - Connecting to api.openweathermap.org:443
333  [main] DEBUG org.apache.http.client.protocol.RequestAddCookies  - CookieSpec selected: ignoreCookies
334  [main] DEBUG org.apache.http.client.protocol.RequestAuthCache  - Auth cache not set in the context
334  [main] DEBUG org.apache.http.client.protocol.RequestTargetAuthentication  - Target auth state: UNCHALLENGED
334  [main] DEBUG org.apache.http.client.protocol.RequestProxyAuthentication  - Proxy auth state: UNCHALLENGED
334  [main] DEBUG org.apache.http.impl.client.DefaultHttpClient  - Attempt 1 to execute request
334  [main] DEBUG org.apache.http.impl.conn.DefaultClientConnection  - Sending request: GET /data/2.5/forecast?q=Tallinn&appid=ef619cd2265c8cb95d9f7934b5a29b36 HTTP/1.1
334  [main] DEBUG org.apache.http.wire  -  >> "GET /data/2.5/forecast?q=Tallinn&appid=ef619cd2265c8cb95d9f7934b5a29b36 HTTP/1.1[\r][\n]"
338  [main] DEBUG org.apache.http.wire  -  >> "Content-Type: application/json[\r][\n]"
338  [main] DEBUG org.apache.http.wire  -  >> "Accept: */*[\r][\n]"
338  [main] DEBUG org.apache.http.wire  -  >> "Host: api.openweathermap.org[\r][\n]"
338  [main] DEBUG org.apache.http.wire  -  >> "Connection: Keep-Alive[\r][\n]"
338  [main] DEBUG org.apache.http.wire  -  >> "User-Agent: Apache-HttpClient/4.5.13 (Java/17.0.5)[\r][\n]"
338  [main] DEBUG org.apache.http.wire  -  >> "Accept-Encoding: gzip,deflate[\r][\n]"
338  [main] DEBUG org.apache.http.wire  -  >> "[\r][\n]"
338  [main] DEBUG org.apache.http.headers  - >> GET /data/2.5/forecast?q=Tallinn&appid=ef619cd2265c8cb95d9f7934b5a29b36 HTTP/1.1
338  [main] DEBUG org.apache.http.headers  - >> Content-Type: application/json
338  [main] DEBUG org.apache.http.headers  - >> Accept: */*
338  [main] DEBUG org.apache.http.headers  - >> Host: api.openweathermap.org
338  [main] DEBUG org.apache.http.headers  - >> Connection: Keep-Alive
338  [main] DEBUG org.apache.http.headers  - >> User-Agent: Apache-HttpClient/4.5.13 (Java/17.0.5)
338  [main] DEBUG org.apache.http.headers  - >> Accept-Encoding: gzip,deflate
437  [main] DEBUG org.apache.http.wire  -  << "HTTP/1.1 200 OK[\r][\n]"
438  [main] DEBUG org.apache.http.wire  -  << "Server: openresty[\r][\n]"
438  [main] DEBUG org.apache.http.wire  -  << "Date: Sat, 03 Dec 2022 19:34:37 GMT[\r][\n]"
438  [main] DEBUG org.apache.http.wire  -  << "Content-Type: application/json; charset=utf-8[\r][\n]"
438  [main] DEBUG org.apache.http.wire  -  << "Content-Length: 16381[\r][\n]"
438  [main] DEBUG org.apache.http.wire  -  << "Connection: keep-alive[\r][\n]"
438  [main] DEBUG org.apache.http.wire  -  << "X-Cache-Key: /data/2.5/forecast?q=tallinn[\r][\n]"
438  [main] DEBUG org.apache.http.wire  -  << "Access-Control-Allow-Origin: *[\r][\n]"
438  [main] DEBUG org.apache.http.wire  -  << "Access-Control-Allow-Credentials: true[\r][\n]"
438  [main] DEBUG org.apache.http.wire  -  << "Access-Control-Allow-Methods: GET, POST[\r][\n]"
438  [main] DEBUG org.apache.http.wire  -  << "[\r][\n]"
438  [main] DEBUG org.apache.http.impl.conn.DefaultClientConnection  - Receiving response: HTTP/1.1 200 OK
438  [main] DEBUG org.apache.http.headers  - << HTTP/1.1 200 OK
438  [main] DEBUG org.apache.http.headers  - << Server: openresty
438  [main] DEBUG org.apache.http.headers  - << Date: Sat, 03 Dec 2022 19:34:37 GMT
438  [main] DEBUG org.apache.http.headers  - << Content-Type: application/json; charset=utf-8
438  [main] DEBUG org.apache.http.headers  - << Content-Length: 16381
438  [main] DEBUG org.apache.http.headers  - << Connection: keep-alive
438  [main] DEBUG org.apache.http.headers  - << X-Cache-Key: /data/2.5/forecast?q=tallinn
438  [main] DEBUG org.apache.http.headers  - << Access-Control-Allow-Origin: *
438  [main] DEBUG org.apache.http.headers  - << Access-Control-Allow-Credentials: true
438  [main] DEBUG org.apache.http.headers  - << Access-Control-Allow-Methods: GET, POST
440  [main] DEBUG org.apache.http.impl.client.DefaultHttpClient  - Connection can be kept alive indefinitely
442  [main] DEBUG io.restassured.internal.RestAssuredHttpBuilder  - Parsing response as: application/json; charset=utf-8
442  [main] DEBUG io.restassured.internal.RestAssuredHttpBuilder  - Parsed data to instance of: class org.apache.http.conn.EofSensorInputStream
]]></system-out>
  </testcase>
  <testcase name="getWeatherHttp" classname="SmokeTest" time="0.289">
    <system-out><![CDATA[465  [main] DEBUG org.apache.http.impl.conn.BasicClientConnectionManager  - Get connection for route {s}->https://api.openweathermap.org:443
465  [main] DEBUG org.apache.http.impl.conn.DefaultClientConnectionOperator  - Connecting to api.openweathermap.org:443
692  [main] DEBUG org.apache.http.client.protocol.RequestAddCookies  - CookieSpec selected: ignoreCookies
693  [main] DEBUG org.apache.http.client.protocol.RequestAuthCache  - Auth cache not set in the context
693  [main] DEBUG org.apache.http.client.protocol.RequestTargetAuthentication  - Target auth state: UNCHALLENGED
693  [main] DEBUG org.apache.http.client.protocol.RequestProxyAuthentication  - Proxy auth state: UNCHALLENGED
694  [main] DEBUG org.apache.http.impl.client.DefaultHttpClient  - Attempt 1 to execute request
694  [main] DEBUG org.apache.http.impl.conn.DefaultClientConnection  - Sending request: GET /data/2.5/weather?q=Tallinn&appid=ef619cd2265c8cb95d9f7934b5a29b36 HTTP/1.1
694  [main] DEBUG org.apache.http.wire  -  >> "GET /data/2.5/weather?q=Tallinn&appid=ef619cd2265c8cb95d9f7934b5a29b36 HTTP/1.1[\r][\n]"
695  [main] DEBUG org.apache.http.wire  -  >> "Content-Type: application/json[\r][\n]"
695  [main] DEBUG org.apache.http.wire  -  >> "Accept: */*[\r][\n]"
695  [main] DEBUG org.apache.http.wire  -  >> "Host: api.openweathermap.org[\r][\n]"
695  [main] DEBUG org.apache.http.wire  -  >> "Connection: Keep-Alive[\r][\n]"
695  [main] DEBUG org.apache.http.wire  -  >> "User-Agent: Apache-HttpClient/4.5.13 (Java/17.0.5)[\r][\n]"
695  [main] DEBUG org.apache.http.wire  -  >> "Accept-Encoding: gzip,deflate[\r][\n]"
695  [main] DEBUG org.apache.http.wire  -  >> "[\r][\n]"
695  [main] DEBUG org.apache.http.headers  - >> GET /data/2.5/weather?q=Tallinn&appid=ef619cd2265c8cb95d9f7934b5a29b36 HTTP/1.1
696  [main] DEBUG org.apache.http.headers  - >> Content-Type: application/json
696  [main] DEBUG org.apache.http.headers  - >> Accept: */*
696  [main] DEBUG org.apache.http.headers  - >> Host: api.openweathermap.org
696  [main] DEBUG org.apache.http.headers  - >> Connection: Keep-Alive
696  [main] DEBUG org.apache.http.headers  - >> User-Agent: Apache-HttpClient/4.5.13 (Java/17.0.5)
696  [main] DEBUG org.apache.http.headers  - >> Accept-Encoding: gzip,deflate
740  [main] DEBUG org.apache.http.wire  -  << "HTTP/1.1 200 OK[\r][\n]"
740  [main] DEBUG org.apache.http.wire  -  << "Server: openresty[\r][\n]"
740  [main] DEBUG org.apache.http.wire  -  << "Date: Sat, 03 Dec 2022 19:34:37 GMT[\r][\n]"
741  [main] DEBUG org.apache.http.wire  -  << "Content-Type: application/json; charset=utf-8[\r][\n]"
741  [main] DEBUG org.apache.http.wire  -  << "Content-Length: 474[\r][\n]"
741  [main] DEBUG org.apache.http.wire  -  << "Connection: keep-alive[\r][\n]"
741  [main] DEBUG org.apache.http.wire  -  << "X-Cache-Key: /data/2.5/weather?q=tallinn[\r][\n]"
741  [main] DEBUG org.apache.http.wire  -  << "Access-Control-Allow-Origin: *[\r][\n]"
742  [main] DEBUG org.apache.http.wire  -  << "Access-Control-Allow-Credentials: true[\r][\n]"
742  [main] DEBUG org.apache.http.wire  -  << "Access-Control-Allow-Methods: GET, POST[\r][\n]"
742  [main] DEBUG org.apache.http.wire  -  << "[\r][\n]"
742  [main] DEBUG org.apache.http.impl.conn.DefaultClientConnection  - Receiving response: HTTP/1.1 200 OK
742  [main] DEBUG org.apache.http.headers  - << HTTP/1.1 200 OK
743  [main] DEBUG org.apache.http.headers  - << Server: openresty
743  [main] DEBUG org.apache.http.headers  - << Date: Sat, 03 Dec 2022 19:34:37 GMT
743  [main] DEBUG org.apache.http.headers  - << Content-Type: application/json; charset=utf-8
743  [main] DEBUG org.apache.http.headers  - << Content-Length: 474
743  [main] DEBUG org.apache.http.headers  - << Connection: keep-alive
743  [main] DEBUG org.apache.http.headers  - << X-Cache-Key: /data/2.5/weather?q=tallinn
743  [main] DEBUG org.apache.http.headers  - << Access-Control-Allow-Origin: *
743  [main] DEBUG org.apache.http.headers  - << Access-Control-Allow-Credentials: true
743  [main] DEBUG org.apache.http.headers  - << Access-Control-Allow-Methods: GET, POST
744  [main] DEBUG org.apache.http.impl.client.DefaultHttpClient  - Connection can be kept alive indefinitely
744  [main] DEBUG io.restassured.internal.RestAssuredHttpBuilder  - Parsing response as: application/json; charset=utf-8
744  [main] DEBUG io.restassured.internal.RestAssuredHttpBuilder  - Parsed data to instance of: class org.apache.http.conn.EofSensorInputStream
]]></system-out>
  </testcase>
  <testcase name="getWeatherForecastWithLATLON" classname="SmokeTest" time="0.378">
    <system-out><![CDATA[755  [main] DEBUG org.apache.http.impl.conn.BasicClientConnectionManager  - Get connection for route {s}->https://api.openweathermap.org:443
755  [main] DEBUG org.apache.http.impl.conn.DefaultClientConnectionOperator  - Connecting to api.openweathermap.org:443
995  [main] DEBUG org.apache.http.client.protocol.RequestAddCookies  - CookieSpec selected: ignoreCookies
995  [main] DEBUG org.apache.http.client.protocol.RequestAuthCache  - Auth cache not set in the context
995  [main] DEBUG org.apache.http.client.protocol.RequestTargetAuthentication  - Target auth state: UNCHALLENGED
995  [main] DEBUG org.apache.http.client.protocol.RequestProxyAuthentication  - Proxy auth state: UNCHALLENGED
995  [main] DEBUG org.apache.http.impl.client.DefaultHttpClient  - Attempt 1 to execute request
995  [main] DEBUG org.apache.http.impl.conn.DefaultClientConnection  - Sending request: GET /data/2.5/forecast?lat=59.436962&lon=24.753574&appid=ef619cd2265c8cb95d9f7934b5a29b36 HTTP/1.1
995  [main] DEBUG org.apache.http.wire  -  >> "GET /data/2.5/forecast?lat=59.436962&lon=24.753574&appid=ef619cd2265c8cb95d9f7934b5a29b36 HTTP/1.1[\r][\n]"
996  [main] DEBUG org.apache.http.wire  -  >> "Content-Type: application/json[\r][\n]"
996  [main] DEBUG org.apache.http.wire  -  >> "Accept: */*[\r][\n]"
996  [main] DEBUG org.apache.http.wire  -  >> "Host: api.openweathermap.org[\r][\n]"
996  [main] DEBUG org.apache.http.wire  -  >> "Connection: Keep-Alive[\r][\n]"
996  [main] DEBUG org.apache.http.wire  -  >> "User-Agent: Apache-HttpClient/4.5.13 (Java/17.0.5)[\r][\n]"
996  [main] DEBUG org.apache.http.wire  -  >> "Accept-Encoding: gzip,deflate[\r][\n]"
996  [main] DEBUG org.apache.http.wire  -  >> "[\r][\n]"
996  [main] DEBUG org.apache.http.headers  - >> GET /data/2.5/forecast?lat=59.436962&lon=24.753574&appid=ef619cd2265c8cb95d9f7934b5a29b36 HTTP/1.1
996  [main] DEBUG org.apache.http.headers  - >> Content-Type: application/json
996  [main] DEBUG org.apache.http.headers  - >> Accept: */*
996  [main] DEBUG org.apache.http.headers  - >> Host: api.openweathermap.org
996  [main] DEBUG org.apache.http.headers  - >> Connection: Keep-Alive
996  [main] DEBUG org.apache.http.headers  - >> User-Agent: Apache-HttpClient/4.5.13 (Java/17.0.5)
997  [main] DEBUG org.apache.http.headers  - >> Accept-Encoding: gzip,deflate
1121 [main] DEBUG org.apache.http.wire  -  << "HTTP/1.1 200 OK[\r][\n]"
1121 [main] DEBUG org.apache.http.wire  -  << "Server: openresty[\r][\n]"
1121 [main] DEBUG org.apache.http.wire  -  << "Date: Sat, 03 Dec 2022 19:34:37 GMT[\r][\n]"
1121 [main] DEBUG org.apache.http.wire  -  << "Content-Type: application/json; charset=utf-8[\r][\n]"
1122 [main] DEBUG org.apache.http.wire  -  << "Content-Length: 16381[\r][\n]"
1122 [main] DEBUG org.apache.http.wire  -  << "Connection: keep-alive[\r][\n]"
1122 [main] DEBUG org.apache.http.wire  -  << "X-Cache-Key: /data/2.5/forecast?lat=59.44&lon=24.75[\r][\n]"
1122 [main] DEBUG org.apache.http.wire  -  << "Access-Control-Allow-Origin: *[\r][\n]"
1122 [main] DEBUG org.apache.http.wire  -  << "Access-Control-Allow-Credentials: true[\r][\n]"
1122 [main] DEBUG org.apache.http.wire  -  << "Access-Control-Allow-Methods: GET, POST[\r][\n]"
1122 [main] DEBUG org.apache.http.wire  -  << "[\r][\n]"
1122 [main] DEBUG org.apache.http.impl.conn.DefaultClientConnection  - Receiving response: HTTP/1.1 200 OK
1122 [main] DEBUG org.apache.http.headers  - << HTTP/1.1 200 OK
1122 [main] DEBUG org.apache.http.headers  - << Server: openresty
1123 [main] DEBUG org.apache.http.headers  - << Date: Sat, 03 Dec 2022 19:34:37 GMT
1123 [main] DEBUG org.apache.http.headers  - << Content-Type: application/json; charset=utf-8
1123 [main] DEBUG org.apache.http.headers  - << Content-Length: 16381
1123 [main] DEBUG org.apache.http.headers  - << Connection: keep-alive
1123 [main] DEBUG org.apache.http.headers  - << X-Cache-Key: /data/2.5/forecast?lat=59.44&lon=24.75
1123 [main] DEBUG org.apache.http.headers  - << Access-Control-Allow-Origin: *
1123 [main] DEBUG org.apache.http.headers  - << Access-Control-Allow-Credentials: true
1123 [main] DEBUG org.apache.http.headers  - << Access-Control-Allow-Methods: GET, POST
1123 [main] DEBUG org.apache.http.impl.client.DefaultHttpClient  - Connection can be kept alive indefinitely
1123 [main] DEBUG io.restassured.internal.RestAssuredHttpBuilder  - Parsing response as: application/json; charset=utf-8
1123 [main] DEBUG io.restassured.internal.RestAssuredHttpBuilder  - Parsed data to instance of: class org.apache.http.conn.EofSensorInputStream
]]></system-out>
  </testcase>
  <testcase name="getWeatherForecastHttp" classname="SmokeTest" time="0.279">
    <system-out><![CDATA[1134 [main] DEBUG org.apache.http.impl.conn.BasicClientConnectionManager  - Get connection for route {s}->https://api.openweathermap.org:443
1134 [main] DEBUG org.apache.http.impl.conn.DefaultClientConnectionOperator  - Connecting to api.openweathermap.org:443
1352 [main] DEBUG org.apache.http.client.protocol.RequestAddCookies  - CookieSpec selected: ignoreCookies
1353 [main] DEBUG org.apache.http.client.protocol.RequestAuthCache  - Auth cache not set in the context
1353 [main] DEBUG org.apache.http.client.protocol.RequestTargetAuthentication  - Target auth state: UNCHALLENGED
1353 [main] DEBUG org.apache.http.client.protocol.RequestProxyAuthentication  - Proxy auth state: UNCHALLENGED
1354 [main] DEBUG org.apache.http.impl.client.DefaultHttpClient  - Attempt 1 to execute request
1354 [main] DEBUG org.apache.http.impl.conn.DefaultClientConnection  - Sending request: GET /data/2.5/forecast?q= HTTP/1.1
1354 [main] DEBUG org.apache.http.wire  -  >> "GET /data/2.5/forecast?q= HTTP/1.1[\r][\n]"
1354 [main] DEBUG org.apache.http.wire  -  >> "Accept: */*[\r][\n]"
1354 [main] DEBUG org.apache.http.wire  -  >> "Host: api.openweathermap.org[\r][\n]"
1355 [main] DEBUG org.apache.http.wire  -  >> "Connection: Keep-Alive[\r][\n]"
1355 [main] DEBUG org.apache.http.wire  -  >> "User-Agent: Apache-HttpClient/4.5.13 (Java/17.0.5)[\r][\n]"
1355 [main] DEBUG org.apache.http.wire  -  >> "Accept-Encoding: gzip,deflate[\r][\n]"
1355 [main] DEBUG org.apache.http.wire  -  >> "[\r][\n]"
1355 [main] DEBUG org.apache.http.headers  - >> GET /data/2.5/forecast?q= HTTP/1.1
1355 [main] DEBUG org.apache.http.headers  - >> Accept: */*
1355 [main] DEBUG org.apache.http.headers  - >> Host: api.openweathermap.org
1355 [main] DEBUG org.apache.http.headers  - >> Connection: Keep-Alive
1355 [main] DEBUG org.apache.http.headers  - >> User-Agent: Apache-HttpClient/4.5.13 (Java/17.0.5)
1355 [main] DEBUG org.apache.http.headers  - >> Accept-Encoding: gzip,deflate
1397 [main] DEBUG org.apache.http.wire  -  << "HTTP/1.1 401 Unauthorized[\r][\n]"
1398 [main] DEBUG org.apache.http.wire  -  << "Server: openresty[\r][\n]"
1398 [main] DEBUG org.apache.http.wire  -  << "Date: Sat, 03 Dec 2022 19:34:38 GMT[\r][\n]"
1398 [main] DEBUG org.apache.http.wire  -  << "Content-Type: application/json; charset=utf-8[\r][\n]"
1399 [main] DEBUG org.apache.http.wire  -  << "Content-Length: 108[\r][\n]"
1399 [main] DEBUG org.apache.http.wire  -  << "Connection: keep-alive[\r][\n]"
1399 [main] DEBUG org.apache.http.wire  -  << "X-Cache-Key: /data/2.5/forecast?q=[\r][\n]"
1399 [main] DEBUG org.apache.http.wire  -  << "Access-Control-Allow-Origin: *[\r][\n]"
1399 [main] DEBUG org.apache.http.wire  -  << "Access-Control-Allow-Credentials: true[\r][\n]"
1399 [main] DEBUG org.apache.http.wire  -  << "Access-Control-Allow-Methods: GET, POST[\r][\n]"
1399 [main] DEBUG org.apache.http.wire  -  << "[\r][\n]"
1400 [main] DEBUG org.apache.http.impl.conn.DefaultClientConnection  - Receiving response: HTTP/1.1 401 Unauthorized
1400 [main] DEBUG org.apache.http.headers  - << HTTP/1.1 401 Unauthorized
1400 [main] DEBUG org.apache.http.headers  - << Server: openresty
1400 [main] DEBUG org.apache.http.headers  - << Date: Sat, 03 Dec 2022 19:34:38 GMT
1401 [main] DEBUG org.apache.http.headers  - << Content-Type: application/json; charset=utf-8
1401 [main] DEBUG org.apache.http.headers  - << Content-Length: 108
1401 [main] DEBUG org.apache.http.headers  - << Connection: keep-alive
1401 [main] DEBUG org.apache.http.headers  - << X-Cache-Key: /data/2.5/forecast?q=
1401 [main] DEBUG org.apache.http.headers  - << Access-Control-Allow-Origin: *
1401 [main] DEBUG org.apache.http.headers  - << Access-Control-Allow-Credentials: true
1401 [main] DEBUG org.apache.http.headers  - << Access-Control-Allow-Methods: GET, POST
1401 [main] DEBUG org.apache.http.impl.client.DefaultHttpClient  - Connection can be kept alive indefinitely
1402 [main] DEBUG org.apache.http.impl.client.DefaultHttpClient  - Authentication required
1402 [main] DEBUG org.apache.http.impl.client.DefaultHttpClient  - api.openweathermap.org:443 requested authentication
1402 [main] DEBUG org.apache.http.impl.client.DefaultHttpClient  - Response contains no authentication challenges
1402 [main] DEBUG io.restassured.internal.RestAssuredHttpBuilder  - Parsing response as: application/json; charset=utf-8
1402 [main] DEBUG io.restassured.internal.RestAssuredHttpBuilder  - Parsed data to instance of: class org.apache.http.conn.EofSensorInputStream
]]></system-out>
  </testcase>
  <testcase name="getWeatherApiWithoutKey" classname="SmokeTest" time="0.353">
    <system-out><![CDATA[1417 [main] DEBUG org.apache.http.impl.conn.BasicClientConnectionManager  - Get connection for route {s}->https://api.openweathermap.org:443
1417 [main] DEBUG org.apache.http.impl.conn.DefaultClientConnectionOperator  - Connecting to api.openweathermap.org:443
1656 [main] DEBUG org.apache.http.client.protocol.RequestAddCookies  - CookieSpec selected: ignoreCookies
1656 [main] DEBUG org.apache.http.client.protocol.RequestAuthCache  - Auth cache not set in the context
1656 [main] DEBUG org.apache.http.client.protocol.RequestTargetAuthentication  - Target auth state: UNCHALLENGED
1656 [main] DEBUG org.apache.http.client.protocol.RequestProxyAuthentication  - Proxy auth state: UNCHALLENGED
1656 [main] DEBUG org.apache.http.impl.client.DefaultHttpClient  - Attempt 1 to execute request
1657 [main] DEBUG org.apache.http.impl.conn.DefaultClientConnection  - Sending request: GET /data/2.5/weather?q= HTTP/1.1
1657 [main] DEBUG org.apache.http.wire  -  >> "GET /data/2.5/weather?q= HTTP/1.1[\r][\n]"
1657 [main] DEBUG org.apache.http.wire  -  >> "Accept: */*[\r][\n]"
1657 [main] DEBUG org.apache.http.wire  -  >> "Host: api.openweathermap.org[\r][\n]"
1657 [main] DEBUG org.apache.http.wire  -  >> "Connection: Keep-Alive[\r][\n]"
1657 [main] DEBUG org.apache.http.wire  -  >> "User-Agent: Apache-HttpClient/4.5.13 (Java/17.0.5)[\r][\n]"
1657 [main] DEBUG org.apache.http.wire  -  >> "Accept-Encoding: gzip,deflate[\r][\n]"
1657 [main] DEBUG org.apache.http.wire  -  >> "[\r][\n]"
1657 [main] DEBUG org.apache.http.headers  - >> GET /data/2.5/weather?q= HTTP/1.1
1657 [main] DEBUG org.apache.http.headers  - >> Accept: */*
1657 [main] DEBUG org.apache.http.headers  - >> Host: api.openweathermap.org
1657 [main] DEBUG org.apache.http.headers  - >> Connection: Keep-Alive
1657 [main] DEBUG org.apache.http.headers  - >> User-Agent: Apache-HttpClient/4.5.13 (Java/17.0.5)
1657 [main] DEBUG org.apache.http.headers  - >> Accept-Encoding: gzip,deflate
1758 [main] DEBUG org.apache.http.wire  -  << "HTTP/1.1 401 Unauthorized[\r][\n]"
1758 [main] DEBUG org.apache.http.wire  -  << "Server: openresty[\r][\n]"
1758 [main] DEBUG org.apache.http.wire  -  << "Date: Sat, 03 Dec 2022 19:34:38 GMT[\r][\n]"
1758 [main] DEBUG org.apache.http.wire  -  << "Content-Type: application/json; charset=utf-8[\r][\n]"
1758 [main] DEBUG org.apache.http.wire  -  << "Content-Length: 108[\r][\n]"
1758 [main] DEBUG org.apache.http.wire  -  << "Connection: keep-alive[\r][\n]"
1758 [main] DEBUG org.apache.http.wire  -  << "X-Cache-Key: /data/2.5/weather?q=[\r][\n]"
1758 [main] DEBUG org.apache.http.wire  -  << "Access-Control-Allow-Origin: *[\r][\n]"
1758 [main] DEBUG org.apache.http.wire  -  << "Access-Control-Allow-Credentials: true[\r][\n]"
1758 [main] DEBUG org.apache.http.wire  -  << "Access-Control-Allow-Methods: GET, POST[\r][\n]"
1758 [main] DEBUG org.apache.http.wire  -  << "[\r][\n]"
1758 [main] DEBUG org.apache.http.impl.conn.DefaultClientConnection  - Receiving response: HTTP/1.1 401 Unauthorized
1758 [main] DEBUG org.apache.http.headers  - << HTTP/1.1 401 Unauthorized
1759 [main] DEBUG org.apache.http.headers  - << Server: openresty
1759 [main] DEBUG org.apache.http.headers  - << Date: Sat, 03 Dec 2022 19:34:38 GMT
1759 [main] DEBUG org.apache.http.headers  - << Content-Type: application/json; charset=utf-8
1759 [main] DEBUG org.apache.http.headers  - << Content-Length: 108
1759 [main] DEBUG org.apache.http.headers  - << Connection: keep-alive
1759 [main] DEBUG org.apache.http.headers  - << X-Cache-Key: /data/2.5/weather?q=
1759 [main] DEBUG org.apache.http.headers  - << Access-Control-Allow-Origin: *
1759 [main] DEBUG org.apache.http.headers  - << Access-Control-Allow-Credentials: true
1759 [main] DEBUG org.apache.http.headers  - << Access-Control-Allow-Methods: GET, POST
1759 [main] DEBUG org.apache.http.impl.client.DefaultHttpClient  - Connection can be kept alive indefinitely
1759 [main] DEBUG org.apache.http.impl.client.DefaultHttpClient  - Authentication required
1759 [main] DEBUG org.apache.http.impl.client.DefaultHttpClient  - api.openweathermap.org:443 requested authentication
1759 [main] DEBUG org.apache.http.impl.client.DefaultHttpClient  - Response contains no authentication challenges
1759 [main] DEBUG io.restassured.internal.RestAssuredHttpBuilder  - Parsing response as: application/json; charset=utf-8
1759 [main] DEBUG io.restassured.internal.RestAssuredHttpBuilder  - Parsed data to instance of: class org.apache.http.conn.EofSensorInputStream
]]></system-out>
  </testcase>
  <testcase name="getWeatherWithLATLON" classname="SmokeTest" time="0.277">
    <system-out><![CDATA[1764 [main] DEBUG org.apache.http.impl.conn.BasicClientConnectionManager  - Get connection for route {s}->https://api.openweathermap.org:443
1764 [main] DEBUG org.apache.http.impl.conn.DefaultClientConnectionOperator  - Connecting to api.openweathermap.org:443
1970 [main] DEBUG org.apache.http.client.protocol.RequestAddCookies  - CookieSpec selected: ignoreCookies
1970 [main] DEBUG org.apache.http.client.protocol.RequestAuthCache  - Auth cache not set in the context
1970 [main] DEBUG org.apache.http.client.protocol.RequestTargetAuthentication  - Target auth state: UNCHALLENGED
1970 [main] DEBUG org.apache.http.client.protocol.RequestProxyAuthentication  - Proxy auth state: UNCHALLENGED
1970 [main] DEBUG org.apache.http.impl.client.DefaultHttpClient  - Attempt 1 to execute request
1970 [main] DEBUG org.apache.http.impl.conn.DefaultClientConnection  - Sending request: GET /data/2.5/weather?lat=59.436962&lon=24.753574&appid=ef619cd2265c8cb95d9f7934b5a29b36 HTTP/1.1
1970 [main] DEBUG org.apache.http.wire  -  >> "GET /data/2.5/weather?lat=59.436962&lon=24.753574&appid=ef619cd2265c8cb95d9f7934b5a29b36 HTTP/1.1[\r][\n]"
1970 [main] DEBUG org.apache.http.wire  -  >> "Content-Type: application/json[\r][\n]"
1970 [main] DEBUG org.apache.http.wire  -  >> "Accept: */*[\r][\n]"
1970 [main] DEBUG org.apache.http.wire  -  >> "Host: api.openweathermap.org[\r][\n]"
1971 [main] DEBUG org.apache.http.wire  -  >> "Connection: Keep-Alive[\r][\n]"
1971 [main] DEBUG org.apache.http.wire  -  >> "User-Agent: Apache-HttpClient/4.5.13 (Java/17.0.5)[\r][\n]"
1971 [main] DEBUG org.apache.http.wire  -  >> "Accept-Encoding: gzip,deflate[\r][\n]"
1971 [main] DEBUG org.apache.http.wire  -  >> "[\r][\n]"
1971 [main] DEBUG org.apache.http.headers  - >> GET /data/2.5/weather?lat=59.436962&lon=24.753574&appid=ef619cd2265c8cb95d9f7934b5a29b36 HTTP/1.1
1971 [main] DEBUG org.apache.http.headers  - >> Content-Type: application/json
1971 [main] DEBUG org.apache.http.headers  - >> Accept: */*
1971 [main] DEBUG org.apache.http.headers  - >> Host: api.openweathermap.org
1971 [main] DEBUG org.apache.http.headers  - >> Connection: Keep-Alive
1971 [main] DEBUG org.apache.http.headers  - >> User-Agent: Apache-HttpClient/4.5.13 (Java/17.0.5)
1971 [main] DEBUG org.apache.http.headers  - >> Accept-Encoding: gzip,deflate
2034 [main] DEBUG org.apache.http.wire  -  << "HTTP/1.1 200 OK[\r][\n]"
2034 [main] DEBUG org.apache.http.wire  -  << "Server: openresty[\r][\n]"
2034 [main] DEBUG org.apache.http.wire  -  << "Date: Sat, 03 Dec 2022 19:34:38 GMT[\r][\n]"
2034 [main] DEBUG org.apache.http.wire  -  << "Content-Type: application/json; charset=utf-8[\r][\n]"
2034 [main] DEBUG org.apache.http.wire  -  << "Content-Length: 474[\r][\n]"
2034 [main] DEBUG org.apache.http.wire  -  << "Connection: keep-alive[\r][\n]"
2034 [main] DEBUG org.apache.http.wire  -  << "X-Cache-Key: /data/2.5/weather?lat=59.44&lon=24.75[\r][\n]"
2034 [main] DEBUG org.apache.http.wire  -  << "Access-Control-Allow-Origin: *[\r][\n]"
2034 [main] DEBUG org.apache.http.wire  -  << "Access-Control-Allow-Credentials: true[\r][\n]"
2034 [main] DEBUG org.apache.http.wire  -  << "Access-Control-Allow-Methods: GET, POST[\r][\n]"
2034 [main] DEBUG org.apache.http.wire  -  << "[\r][\n]"
2035 [main] DEBUG org.apache.http.impl.conn.DefaultClientConnection  - Receiving response: HTTP/1.1 200 OK
2035 [main] DEBUG org.apache.http.headers  - << HTTP/1.1 200 OK
2035 [main] DEBUG org.apache.http.headers  - << Server: openresty
2035 [main] DEBUG org.apache.http.headers  - << Date: Sat, 03 Dec 2022 19:34:38 GMT
2035 [main] DEBUG org.apache.http.headers  - << Content-Type: application/json; charset=utf-8
2035 [main] DEBUG org.apache.http.headers  - << Content-Length: 474
2035 [main] DEBUG org.apache.http.headers  - << Connection: keep-alive
2035 [main] DEBUG org.apache.http.headers  - << X-Cache-Key: /data/2.5/weather?lat=59.44&lon=24.75
2035 [main] DEBUG org.apache.http.headers  - << Access-Control-Allow-Origin: *
2035 [main] DEBUG org.apache.http.headers  - << Access-Control-Allow-Credentials: true
2035 [main] DEBUG org.apache.http.headers  - << Access-Control-Allow-Methods: GET, POST
2035 [main] DEBUG org.apache.http.impl.client.DefaultHttpClient  - Connection can be kept alive indefinitely
2035 [main] DEBUG io.restassured.internal.RestAssuredHttpBuilder  - Parsing response as: application/json; charset=utf-8
2035 [main] DEBUG io.restassured.internal.RestAssuredHttpBuilder  - Parsed data to instance of: class org.apache.http.conn.EofSensorInputStream
]]></system-out>
  </testcase>
</testsuite>